<?xml version="1.0" encoding="UTF-8"?>
<!-- Generated by org.testng.reporters.JUnitReportReporter -->
<testsuite hostname="DESKTOP-FURD321" failures="0" tests="1" name="com.ab.ApiCodeJiraRest.App" time="4.773" errors="0" timestamp="2023-03-16T13:27:56 IST" skipped="0">
  <testcase classname="com.ab.ApiCodeJiraRest.App" name="addComment" time="4.773"/>
  <system-out/>
</testsuite> <!-- com.ab.ApiCodeJiraRest.App -->
